# JRE version: Java(TM) SE Runtime Environment (21.0.4+8) (build 21.0.4+8-LTS-274)
# Java VM: Java HotSpot(TM) 64-Bit Server VM (21.0.4+8-LTS-274, mixed mode, emulated-client, sharing, tiered, compressed oops, compressed class ptrs, g1 gc, windows-amd64)
GC Precious Log:
 CardTable entry size: 512
 Card Set container configuration: InlinePtr #cards 5 size 8 Array Of Cards #cards 12 size 40 Howl #buckets 4 coarsen threshold 1843 Howl Bitmap #cards 512 size 80 coarsen threshold 460 Card regions per heap region 1 cards per card region 2048
 CPUs: 16 total, 16 available
 Memory: 7860M
 Large Page Support: Disabled
 NUMA Support: Disabled
 Compressed Oops: Enabled (32-bit)
 Heap Region Size: 1M
 Heap Min Capacity: 8M
 Heap Initial Capacity: 124M
 Heap Max Capacity: 1966M
 Pre-touch: Disabled
 Parallel Workers: 13
 Concurrent Workers: 3
 Concurrent Refinement Workers: 13
 Periodic GC: Disabled
Heap:
 garbage-first heap   total 93184K, used 55513K [0x0000000085200000, 0x0000000100000000)
  region size 1024K, 16 young (16384K), 2 survivors (2048K)
 Metaspace       used 87385K, committed 88704K, reserved 1179648K
  class space    used 12603K, committed 13120K, reserved 1048576K
GC Heap History (20 events):
Event: 7.032 GC heap after
{Heap after GC invocations=22 (full 0):
 garbage-first heap   total 73728K, used 35883K [0x0000000085200000, 0x0000000100000000)
  region size 1024K, 1 young (1024K), 1 survivors (1024K)
 Metaspace       used 72742K, committed 73536K, reserved 1114112K
  class space    used 10577K, committed 10944K, reserved 1048576K
}
Event: 7.335 GC heap before
{Heap before GC invocations=23 (full 0):
 garbage-first heap   total 73728K, used 65579K [0x0000000085200000, 0x0000000100000000)
  region size 1024K, 30 young (30720K), 1 survivors (1024K)
 Metaspace       used 74042K, committed 74816K, reserved 1114112K
  class space    used 10750K, committed 11136K, reserved 1048576K
}
Event: 7.339 GC heap after
{Heap after GC invocations=24 (full 0):
 garbage-first heap   total 93184K, used 37247K [0x0000000085200000, 0x0000000100000000)
  region size 1024K, 2 young (2048K), 2 survivors (2048K)
 Metaspace       used 74042K, committed 74816K, reserved 1114112K
  class space    used 10750K, committed 11136K, reserved 1048576K
}
Event: 15.369 GC heap before
{Heap before GC invocations=24 (full 0):
 garbage-first heap   total 93184K, used 83327K [0x0000000085200000, 0x0000000100000000)
  region size 1024K, 48 young (49152K), 2 survivors (2048K)
 Metaspace       used 79732K, committed 80640K, reserved 1179648K
  class space    used 11578K, committed 11968K, reserved 1048576K
}
Event: 15.375 GC heap after
{Heap after GC invocations=25 (full 0):
 garbage-first heap   total 93184K, used 40787K [0x0000000085200000, 0x0000000100000000)
  region size 1024K, 6 young (6144K), 6 survivors (6144K)
 Metaspace       used 79732K, committed 80640K, reserved 1179648K
  class space    used 11578K, committed 11968K, reserved 1048576K
}
Event: 22.214 GC heap before
{Heap before GC invocations=25 (full 0):
 garbage-first heap   total 93184K, used 78675K [0x0000000085200000, 0x0000000100000000)
  region size 1024K, 44 young (45056K), 6 survivors (6144K)
 Metaspace       used 85186K, committed 86144K, reserved 1179648K
  class space    used 12324K, committed 12736K, reserved 1048576K
}
Event: 22.223 GC heap after
{Heap after GC invocations=26 (full 0):
 garbage-first heap   total 93184K, used 46951K [0x0000000085200000, 0x0000000100000000)
  region size 1024K, 6 young (6144K), 6 survivors (6144K)
 Metaspace       used 85186K, committed 86144K, reserved 1179648K
  class space    used 12324K, committed 12736K, reserved 1048576K
}
Event: 74.080 GC heap before
{Heap before GC invocations=27 (full 0):
 garbage-first heap   total 93184K, used 80743K [0x0000000085200000, 0x0000000100000000)
  region size 1024K, 39 young (39936K), 6 survivors (6144K)
 Metaspace       used 87624K, committed 88640K, reserved 1179648K
  class space    used 12668K, committed 13120K, reserved 1048576K
}
Event: 74.085 GC heap after
{Heap after GC invocations=28 (full 0):
 garbage-first heap   total 93184K, used 47362K [0x0000000085200000, 0x0000000100000000)
  region size 1024K, 3 young (3072K), 3 survivors (3072K)
 Metaspace       used 87624K, committed 88640K, reserved 1179648K
  class space    used 12668K, committed 13120K, reserved 1048576K
}
Event: 279.010 GC heap before
{Heap before GC invocations=28 (full 0):
 garbage-first heap   total 93184K, used 81154K [0x0000000085200000, 0x0000000100000000)
  region size 1024K, 37 young (37888K), 3 survivors (3072K)
 Metaspace       used 87626K, committed 88640K, reserved 1179648K
  class space    used 12668K, committed 13120K, reserved 1048576K
}
Event: 279.084 GC heap after
{Heap after GC invocations=29 (full 0):
 garbage-first heap   total 93184K, used 46333K [0x0000000085200000, 0x0000000100000000)
  region size 1024K, 2 young (2048K), 2 survivors (2048K)
 Metaspace       used 87626K, committed 88640K, reserved 1179648K
  class space    used 12668K, committed 13120K, reserved 1048576K
}
Event: 540.281 GC heap before
{Heap before GC invocations=29 (full 0):
 garbage-first heap   total 93184K, used 84221K [0x0000000085200000, 0x0000000100000000)
  region size 1024K, 39 young (39936K), 2 survivors (2048K)
 Metaspace       used 87626K, committed 88640K, reserved 1179648K
  class space    used 12668K, committed 13120K, reserved 1048576K
}
Event: 540.345 GC heap after
{Heap after GC invocations=30 (full 0):
 garbage-first heap   total 93184K, used 46170K [0x0000000085200000, 0x0000000100000000)
  region size 1024K, 2 young (2048K), 2 survivors (2048K)
 Metaspace       used 87626K, committed 88640K, reserved 1179648K
  class space    used 12668K, committed 13120K, reserved 1048576K
}
Event: 713.169 GC heap before
{Heap before GC invocations=31 (full 0):
 garbage-first heap   total 93184K, used 83034K [0x0000000085200000, 0x0000000100000000)
  region size 1024K, 39 young (39936K), 2 survivors (2048K)
 Metaspace       used 87112K, committed 88640K, reserved 1179648K
  class space    used 12541K, committed 13120K, reserved 1048576K
}
Event: 713.183 GC heap after
{Heap after GC invocations=32 (full 0):
 garbage-first heap   total 93184K, used 46508K [0x0000000085200000, 0x0000000100000000)
  region size 1024K, 2 young (2048K), 2 survivors (2048K)
 Metaspace       used 87112K, committed 88640K, reserved 1179648K
  class space    used 12541K, committed 13120K, reserved 1048576K
}
Event: 869.426 GC heap before
{Heap before GC invocations=32 (full 0):
 garbage-first heap   total 93184K, used 84396K [0x0000000085200000, 0x0000000100000000)
  region size 1024K, 39 young (39936K), 2 survivors (2048K)
 Metaspace       used 87145K, committed 88640K, reserved 1179648K
  class space    used 12549K, committed 13120K, reserved 1048576K
}
Event: 869.472 GC heap after
{Heap after GC invocations=33 (full 0):
 garbage-first heap   total 93184K, used 42669K [0x0000000085200000, 0x0000000100000000)
  region size 1024K, 2 young (2048K), 2 survivors (2048K)
 Metaspace       used 87145K, committed 88640K, reserved 1179648K
  class space    used 12549K, committed 13120K, reserved 1048576K
}
Event: 1159.447 GC heap before
{Heap before GC invocations=33 (full 0):
 garbage-first heap   total 93184K, used 84653K [0x0000000085200000, 0x0000000100000000)
  region size 1024K, 43 young (44032K), 2 survivors (2048K)
 Metaspace       used 87145K, committed 88640K, reserved 1179648K
  class space    used 12549K, committed 13120K, reserved 1048576K
}
Event: 1159.512 GC heap after
{Heap after GC invocations=34 (full 0):
 garbage-first heap   total 93184K, used 42201K [0x0000000085200000, 0x0000000100000000)
  region size 1024K, 2 young (2048K), 2 survivors (2048K)
 Metaspace       used 87145K, committed 88640K, reserved 1179648K
  class space    used 12549K, committed 13120K, reserved 1048576K
}
Event: 1235.060 GC heap before
{Heap before GC invocations=34 (full 0):
 garbage-first heap   total 93184K, used 55513K [0x0000000085200000, 0x0000000100000000)
  region size 1024K, 16 young (16384K), 2 survivors (2048K)
 Metaspace       used 87385K, committed 88704K, reserved 1179648K
  class space    used 12603K, committed 13120K, reserved 1048576K
}

