# JRE version: Java(TM) SE Runtime Environment (21.0.4+8) (build 21.0.4+8-LTS-274)
# Java VM: Java HotSpot(TM) 64-Bit Server VM (21.0.4+8-LTS-274, mixed mode, emulated-client, sharing, tiered, compressed oops, compressed class ptrs, g1 gc, windows-amd64)
GC Precious Log:
 CardTable entry size: 512
 Card Set container configuration: InlinePtr #cards 5 size 8 Array Of Cards #cards 12 size 40 Howl #buckets 4 coarsen threshold 1843 Howl Bitmap #cards 512 size 80 coarsen threshold 460 Card regions per heap region 1 cards per card region 2048
 CPUs: 16 total, 16 available
 Memory: 7860M
 Large Page Support: Disabled
 NUMA Support: Disabled
 Compressed Oops: Enabled (32-bit)
 Heap Region Size: 1M
 Heap Min Capacity: 8M
 Heap Initial Capacity: 124M
 Heap Max Capacity: 1966M
 Pre-touch: Disabled
 Parallel Workers: 13
 Concurrent Workers: 3
 Concurrent Refinement Workers: 13
 Periodic GC: Disabled
Heap:
 garbage-first heap   total 70656K, used 37508K [0x0000000085200000, 0x0000000100000000)
  region size 1024K, 4 young (4096K), 4 survivors (4096K)
 Metaspace       used 75400K, committed 76160K, reserved 1179648K
  class space    used 10933K, committed 11264K, reserved 1048576K
GC Heap History (20 events):
Event: 2.023 GC heap after
{Heap after GC invocations=7 (full 0):
 garbage-first heap   total 58368K, used 21454K [0x0000000085200000, 0x0000000100000000)
  region size 1024K, 4 young (4096K), 4 survivors (4096K)
 Metaspace       used 31905K, committed 32512K, reserved 1114112K
  class space    used 4452K, committed 4736K, reserved 1048576K
}
Event: 2.303 GC heap before
{Heap before GC invocations=7 (full 0):
 garbage-first heap   total 58368K, used 46030K [0x0000000085200000, 0x0000000100000000)
  region size 1024K, 29 young (29696K), 4 survivors (4096K)
 Metaspace       used 35677K, committed 36288K, reserved 1114112K
  class space    used 4968K, committed 5248K, reserved 1048576K
}
Event: 2.306 GC heap after
{Heap after GC invocations=8 (full 0):
 garbage-first heap   total 58368K, used 23240K [0x0000000085200000, 0x0000000100000000)
  region size 1024K, 2 young (2048K), 2 survivors (2048K)
 Metaspace       used 35677K, committed 36288K, reserved 1114112K
  class space    used 4968K, committed 5248K, reserved 1048576K
}
Event: 2.602 GC heap before
{Heap before GC invocations=9 (full 0):
 garbage-first heap   total 58368K, used 48840K [0x0000000085200000, 0x0000000100000000)
  region size 1024K, 28 young (28672K), 2 survivors (2048K)
 Metaspace       used 42639K, committed 43328K, reserved 1114112K
  class space    used 6001K, committed 6336K, reserved 1048576K
}
Event: 2.605 GC heap after
{Heap after GC invocations=10 (full 0):
 garbage-first heap   total 70656K, used 25230K [0x0000000085200000, 0x0000000100000000)
  region size 1024K, 4 young (4096K), 4 survivors (4096K)
 Metaspace       used 42639K, committed 43328K, reserved 1114112K
  class space    used 6001K, committed 6336K, reserved 1048576K
}
Event: 3.124 GC heap before
{Heap before GC invocations=10 (full 0):
 garbage-first heap   total 70656K, used 60046K [0x0000000085200000, 0x0000000100000000)
  region size 1024K, 39 young (39936K), 4 survivors (4096K)
 Metaspace       used 53348K, committed 54016K, reserved 1114112K
  class space    used 7380K, committed 7680K, reserved 1048576K
}
Event: 3.127 GC heap after
{Heap after GC invocations=11 (full 0):
 garbage-first heap   total 70656K, used 27654K [0x0000000085200000, 0x0000000100000000)
  region size 1024K, 5 young (5120K), 5 survivors (5120K)
 Metaspace       used 53348K, committed 54016K, reserved 1114112K
  class space    used 7380K, committed 7680K, reserved 1048576K
}
Event: 3.474 GC heap before
{Heap before GC invocations=11 (full 0):
 garbage-first heap   total 70656K, used 59398K [0x0000000085200000, 0x0000000100000000)
  region size 1024K, 37 young (37888K), 5 survivors (5120K)
 Metaspace       used 59919K, committed 60608K, reserved 1114112K
  class space    used 8447K, committed 8768K, reserved 1048576K
}
Event: 3.476 GC heap after
{Heap after GC invocations=12 (full 0):
 garbage-first heap   total 70656K, used 29074K [0x0000000085200000, 0x0000000100000000)
  region size 1024K, 2 young (2048K), 2 survivors (2048K)
 Metaspace       used 59919K, committed 60608K, reserved 1114112K
  class space    used 8447K, committed 8768K, reserved 1048576K
}
Event: 3.520 GC heap before
{Heap before GC invocations=12 (full 0):
 garbage-first heap   total 70656K, used 36242K [0x0000000085200000, 0x0000000100000000)
  region size 1024K, 10 young (10240K), 2 survivors (2048K)
 Metaspace       used 60074K, committed 60736K, reserved 1114112K
  class space    used 8461K, committed 8768K, reserved 1048576K
}
Event: 3.522 GC heap after
{Heap after GC invocations=13 (full 0):
 garbage-first heap   total 70656K, used 28955K [0x0000000085200000, 0x0000000100000000)
  region size 1024K, 2 young (2048K), 2 survivors (2048K)
 Metaspace       used 60074K, committed 60736K, reserved 1114112K
  class space    used 8461K, committed 8768K, reserved 1048576K
}
Event: 4.441 GC heap before
{Heap before GC invocations=14 (full 0):
 garbage-first heap   total 70656K, used 62747K [0x0000000085200000, 0x0000000100000000)
  region size 1024K, 36 young (36864K), 2 survivors (2048K)
 Metaspace       used 66444K, committed 67200K, reserved 1114112K
  class space    used 9388K, committed 9728K, reserved 1048576K
}
Event: 4.447 GC heap after
{Heap after GC invocations=15 (full 0):
 garbage-first heap   total 70656K, used 32087K [0x0000000085200000, 0x0000000100000000)
  region size 1024K, 5 young (5120K), 5 survivors (5120K)
 Metaspace       used 66444K, committed 67200K, reserved 1114112K
  class space    used 9388K, committed 9728K, reserved 1048576K
}
Event: 4.768 GC heap before
{Heap before GC invocations=15 (full 0):
 garbage-first heap   total 70656K, used 60759K [0x0000000085200000, 0x0000000100000000)
  region size 1024K, 33 young (33792K), 5 survivors (5120K)
 Metaspace       used 70082K, committed 70848K, reserved 1114112K
  class space    used 10055K, committed 10368K, reserved 1048576K
}
Event: 4.770 GC heap after
{Heap after GC invocations=16 (full 0):
 garbage-first heap   total 70656K, used 33724K [0x0000000085200000, 0x0000000100000000)
  region size 1024K, 2 young (2048K), 2 survivors (2048K)
 Metaspace       used 70082K, committed 70848K, reserved 1114112K
  class space    used 10055K, committed 10368K, reserved 1048576K
}
Event: 4.897 GC heap before
{Heap before GC invocations=16 (full 0):
 garbage-first heap   total 70656K, used 62396K [0x0000000085200000, 0x0000000100000000)
  region size 1024K, 31 young (31744K), 2 survivors (2048K)
 Metaspace       used 71869K, committed 72640K, reserved 1114112K
  class space    used 10433K, committed 10752K, reserved 1048576K
}
Event: 4.901 GC heap after
{Heap after GC invocations=17 (full 0):
 garbage-first heap   total 70656K, used 35007K [0x0000000085200000, 0x0000000100000000)
  region size 1024K, 4 young (4096K), 4 survivors (4096K)
 Metaspace       used 71869K, committed 72640K, reserved 1114112K
  class space    used 10433K, committed 10752K, reserved 1048576K
}
Event: 4.996 GC heap before
{Heap before GC invocations=17 (full 0):
 garbage-first heap   total 70656K, used 61631K [0x0000000085200000, 0x0000000100000000)
  region size 1024K, 30 young (30720K), 4 survivors (4096K)
 Metaspace       used 73324K, committed 74112K, reserved 1114112K
  class space    used 10624K, committed 10944K, reserved 1048576K
}
Event: 4.999 GC heap after
{Heap after GC invocations=18 (full 0):
 garbage-first heap   total 70656K, used 35837K [0x0000000085200000, 0x0000000100000000)
  region size 1024K, 3 young (3072K), 3 survivors (3072K)
 Metaspace       used 73324K, committed 74112K, reserved 1114112K
  class space    used 10624K, committed 10944K, reserved 1048576K
}
Event: 5.287 GC heap before
{Heap before GC invocations=19 (full 0):
 garbage-first heap   total 70656K, used 62461K [0x0000000085200000, 0x0000000100000000)
  region size 1024K, 29 young (29696K), 3 survivors (3072K)
 Metaspace       used 75400K, committed 76160K, reserved 1179648K
  class space    used 10933K, committed 11264K, reserved 1048576K
}

