# JRE version: Java(TM) SE Runtime Environment (21.0.4+8) (build 21.0.4+8-LTS-274)
# Java VM: Java HotSpot(TM) 64-Bit Server VM (21.0.4+8-LTS-274, mixed mode, emulated-client, sharing, tiered, compressed oops, compressed class ptrs, g1 gc, windows-amd64)
GC Precious Log:
 CardTable entry size: 512
 Card Set container configuration: InlinePtr #cards 5 size 8 Array Of Cards #cards 12 size 40 Howl #buckets 4 coarsen threshold 1843 Howl Bitmap #cards 512 size 80 coarsen threshold 460 Card regions per heap region 1 cards per card region 2048
 CPUs: 16 total, 16 available
 Memory: 7860M
 Large Page Support: Disabled
 NUMA Support: Disabled
 Compressed Oops: Enabled (32-bit)
 Heap Region Size: 1M
 Heap Min Capacity: 8M
 Heap Initial Capacity: 124M
 Heap Max Capacity: 1966M
 Pre-touch: Disabled
 Parallel Workers: 13
 Concurrent Workers: 3
 Concurrent Refinement Workers: 13
 Periodic GC: Disabled
Heap:
 garbage-first heap   total 70656K, used 37506K [0x0000000085200000, 0x0000000100000000)
  region size 1024K, 4 young (4096K), 4 survivors (4096K)
 Metaspace       used 75208K, committed 76032K, reserved 1179648K
  class space    used 10911K, committed 11264K, reserved 1048576K
GC Heap History (20 events):
Event: 2.898 GC heap after
{Heap after GC invocations=9 (full 0):
 garbage-first heap   total 55296K, used 23189K [0x0000000085200000, 0x0000000100000000)
  region size 1024K, 3 young (3072K), 3 survivors (3072K)
 Metaspace       used 35494K, committed 36096K, reserved 1114112K
  class space    used 4937K, committed 5184K, reserved 1048576K
}
Event: 3.221 GC heap before
{Heap before GC invocations=10 (full 0):
 garbage-first heap   total 55296K, used 45717K [0x0000000085200000, 0x0000000100000000)
  region size 1024K, 26 young (26624K), 3 survivors (3072K)
 Metaspace       used 41599K, committed 42176K, reserved 1114112K
  class space    used 5874K, committed 6144K, reserved 1048576K
}
Event: 3.224 GC heap after
{Heap after GC invocations=11 (full 0):
 garbage-first heap   total 66560K, used 24810K [0x0000000085200000, 0x0000000100000000)
  region size 1024K, 3 young (3072K), 3 survivors (3072K)
 Metaspace       used 41599K, committed 42176K, reserved 1114112K
  class space    used 5874K, committed 6144K, reserved 1048576K
}
Event: 3.915 GC heap before
{Heap before GC invocations=11 (full 0):
 garbage-first heap   total 66560K, used 55530K [0x0000000085200000, 0x0000000100000000)
  region size 1024K, 34 young (34816K), 3 survivors (3072K)
 Metaspace       used 51940K, committed 52544K, reserved 1114112K
  class space    used 7198K, committed 7488K, reserved 1048576K
}
Event: 3.917 GC heap after
{Heap after GC invocations=12 (full 0):
 garbage-first heap   total 66560K, used 27634K [0x0000000085200000, 0x0000000100000000)
  region size 1024K, 5 young (5120K), 5 survivors (5120K)
 Metaspace       used 51940K, committed 52544K, reserved 1114112K
  class space    used 7198K, committed 7488K, reserved 1048576K
}
Event: 4.328 GC heap before
{Heap before GC invocations=12 (full 0):
 garbage-first heap   total 66560K, used 56306K [0x0000000085200000, 0x0000000100000000)
  region size 1024K, 34 young (34816K), 5 survivors (5120K)
 Metaspace       used 59247K, committed 59904K, reserved 1114112K
  class space    used 8343K, committed 8640K, reserved 1048576K
}
Event: 4.331 GC heap after
{Heap after GC invocations=13 (full 0):
 garbage-first heap   total 66560K, used 29156K [0x0000000085200000, 0x0000000100000000)
  region size 1024K, 2 young (2048K), 2 survivors (2048K)
 Metaspace       used 59247K, committed 59904K, reserved 1114112K
  class space    used 8343K, committed 8640K, reserved 1048576K
}
Event: 4.373 GC heap before
{Heap before GC invocations=13 (full 0):
 garbage-first heap   total 66560K, used 33252K [0x0000000085200000, 0x0000000100000000)
  region size 1024K, 7 young (7168K), 2 survivors (2048K)
 Metaspace       used 59841K, committed 60416K, reserved 1114112K
  class space    used 8436K, committed 8704K, reserved 1048576K
}
Event: 4.375 GC heap after
{Heap after GC invocations=14 (full 0):
 garbage-first heap   total 66560K, used 29179K [0x0000000085200000, 0x0000000100000000)
  region size 1024K, 2 young (2048K), 2 survivors (2048K)
 Metaspace       used 59841K, committed 60416K, reserved 1114112K
  class space    used 8436K, committed 8704K, reserved 1048576K
}
Event: 5.001 GC heap before
{Heap before GC invocations=15 (full 0):
 garbage-first heap   total 66560K, used 59899K [0x0000000085200000, 0x0000000100000000)
  region size 1024K, 32 young (32768K), 2 survivors (2048K)
 Metaspace       used 63676K, committed 64448K, reserved 1114112K
  class space    used 9071K, committed 9408K, reserved 1048576K
}
Event: 5.004 GC heap after
{Heap after GC invocations=16 (full 0):
 garbage-first heap   total 66560K, used 30502K [0x0000000085200000, 0x0000000100000000)
  region size 1024K, 3 young (3072K), 3 survivors (3072K)
 Metaspace       used 63676K, committed 64448K, reserved 1114112K
  class space    used 9071K, committed 9408K, reserved 1048576K
}
Event: 5.764 GC heap before
{Heap before GC invocations=16 (full 0):
 garbage-first heap   total 66560K, used 59174K [0x0000000085200000, 0x0000000100000000)
  region size 1024K, 31 young (31744K), 3 survivors (3072K)
 Metaspace       used 68052K, committed 68736K, reserved 1114112K
  class space    used 9625K, committed 9920K, reserved 1048576K
}
Event: 5.768 GC heap after
{Heap after GC invocations=17 (full 0):
 garbage-first heap   total 66560K, used 32691K [0x0000000085200000, 0x0000000100000000)
  region size 1024K, 4 young (4096K), 4 survivors (4096K)
 Metaspace       used 68052K, committed 68736K, reserved 1114112K
  class space    used 9625K, committed 9920K, reserved 1048576K
}
Event: 5.933 GC heap before
{Heap before GC invocations=17 (full 0):
 garbage-first heap   total 66560K, used 58291K [0x0000000085200000, 0x0000000100000000)
  region size 1024K, 29 young (29696K), 4 survivors (4096K)
 Metaspace       used 70140K, committed 70848K, reserved 1114112K
  class space    used 10057K, committed 10368K, reserved 1048576K
}
Event: 5.936 GC heap after
{Heap after GC invocations=18 (full 0):
 garbage-first heap   total 66560K, used 34602K [0x0000000085200000, 0x0000000100000000)
  region size 1024K, 2 young (2048K), 2 survivors (2048K)
 Metaspace       used 70140K, committed 70848K, reserved 1114112K
  class space    used 10057K, committed 10368K, reserved 1048576K
}
Event: 6.050 GC heap before
{Heap before GC invocations=18 (full 0):
 garbage-first heap   total 66560K, used 60202K [0x0000000085200000, 0x0000000100000000)
  region size 1024K, 27 young (27648K), 2 survivors (2048K)
 Metaspace       used 71893K, committed 72576K, reserved 1114112K
  class space    used 10434K, committed 10752K, reserved 1048576K
}
Event: 6.054 GC heap after
{Heap after GC invocations=19 (full 0):
 garbage-first heap   total 66560K, used 35337K [0x0000000085200000, 0x0000000100000000)
  region size 1024K, 3 young (3072K), 3 survivors (3072K)
 Metaspace       used 71893K, committed 72576K, reserved 1114112K
  class space    used 10434K, committed 10752K, reserved 1048576K
}
Event: 6.156 GC heap before
{Heap before GC invocations=20 (full 0):
 garbage-first heap   total 70656K, used 57865K [0x0000000085200000, 0x0000000100000000)
  region size 1024K, 26 young (26624K), 3 survivors (3072K)
 Metaspace       used 73167K, committed 73856K, reserved 1114112K
  class space    used 10624K, committed 10944K, reserved 1048576K
}
Event: 6.158 GC heap after
{Heap after GC invocations=21 (full 0):
 garbage-first heap   total 70656K, used 36313K [0x0000000085200000, 0x0000000100000000)
  region size 1024K, 3 young (3072K), 3 survivors (3072K)
 Metaspace       used 73167K, committed 73856K, reserved 1114112K
  class space    used 10624K, committed 10944K, reserved 1048576K
}
Event: 6.416 GC heap before
{Heap before GC invocations=21 (full 0):
 garbage-first heap   total 70656K, used 61913K [0x0000000085200000, 0x0000000100000000)
  region size 1024K, 28 young (28672K), 3 survivors (3072K)
 Metaspace       used 75208K, committed 76032K, reserved 1179648K
  class space    used 10911K, committed 11264K, reserved 1048576K
}

